<?xml version="1.0" encoding="UTF-8"?>
<testsuite xmlns:xsi="http://www.w3.org/2001/XMLSchema-instance" xsi:noNamespaceSchemaLocation="https://maven.apache.org/surefire/maven-surefire-plugin/xsd/surefire-test-report-3.0.xsd" version="3.0" name="TestAutomovil" time="0.005" tests="3" errors="0" skipped="0" failures="3">
  <properties>
[...]
</properties>
  <testcase name="TestAutomovil.testFrenar" classname="TestAutomovil" time="0.001">
    <failure type="java.lang.NullPointerException">java.lang.NullPointerException
	at TestAutomovil.testFrenar(TestAutomovil.java:41)
</failure>
  </testcase>
  <testcase name="TestAutomovil.testAcelerar" classname="TestAutomovil" time="0">
    <failure type="java.lang.NullPointerException">java.lang.NullPointerException
	at TestAutomovil.testAcelerar(TestAutomovil.java:34)
</failure>
  </testcase>
  <testcase name="TestAutomovil.testFrenarTotalmente" classname="TestAutomovil" time="0">
    <failure type="java.lang.NullPointerException">java.lang.NullPointerException
	at TestAutomovil.testFrenarTotalmente(TestAutomovil.java:49)
</failure>
  </testcase>
</testsuite>